<?xml version="1.0" encoding="UTF-8"?>
<testsuite xmlns:xsi="http://www.w3.org/2001/XMLSchema-instance" xsi:noNamespaceSchemaLocation="https://maven.apache.org/surefire/maven-surefire-plugin/xsd/surefire-test-report-3.0.xsd" version="3.0" name="com.proton.ProtonApplicationTests" time="13.835" tests="1" errors="0" skipped="0" failures="0">
  <properties>
[...]
</properties>
  <testcase name="contextLoads" classname="com.proton.ProtonApplicationTests" time="0.438">
    <system-out><![CDATA[22:11:39.167 [main] INFO org.springframework.test.context.support.AnnotationConfigContextLoaderUtils -- Could not detect default configuration classes for test class [com.proton.ProtonApplicationTests]: ProtonApplicationTests does not declare any static, non-private, non-final, nested classes annotated with @Configuration.
22:11:39.284 [main] INFO org.springframework.boot.test.context.SpringBootTestContextBootstrapper -- Found @SpringBootConfiguration com.proton.ProtonApplication for test class com.proton.ProtonApplicationTests
22:11:39.461 [main] INFO org.springframework.boot.devtools.restart.RestartApplicationListener -- Restart disabled due to context in which it is running

  .   ____          _            __ _ _
 /\\ / ___'_ __ _ _(_)_ __  __ _ \ \ \ \
( ( )\___ | '_ | '_| | '_ \/ _` | \ \ \ \
 \\/  ___)| |_)| | | | | || (_| |  ) ) ) )
  '  |____| .__|_| |_|_| |_\__, | / / / /
 =========|_|==============|___/=/_/_/_/
 :: Spring Boot ::                (v3.2.4)

2024-03-31T22:11:39.724-03:00  INFO 4940 --- [           main] com.proton.ProtonApplicationTests        : Starting ProtonApplicationTests using Java 21.0.1 with PID 4940 (started by familia in C:\Users\famil\OneDrive\Área de Trabalho\Clone De Novo\projeto-protoon)
2024-03-31T22:11:39.725-03:00  INFO 4940 --- [           main] com.proton.ProtonApplicationTests        : The following 1 profile is active: "test"
2024-03-31T22:11:40.444-03:00  INFO 4940 --- [           main] .s.d.r.c.RepositoryConfigurationDelegate : Bootstrapping Spring Data JPA repositories in DEFAULT mode.
2024-03-31T22:11:40.539-03:00  INFO 4940 --- [           main] .s.d.r.c.RepositoryConfigurationDelegate : Finished Spring Data repository scanning in 82 ms. Found 7 JPA repository interfaces.
2024-03-31T22:11:40.934-03:00  INFO 4940 --- [           main] com.zaxxer.hikari.HikariDataSource       : HikariPool-1 - Starting...
2024-03-31T22:11:43.015-03:00  INFO 4940 --- [           main] com.zaxxer.hikari.pool.HikariPool        : HikariPool-1 - Added connection com.mysql.cj.jdbc.ConnectionImpl@541afb85
2024-03-31T22:11:43.017-03:00  INFO 4940 --- [           main] com.zaxxer.hikari.HikariDataSource       : HikariPool-1 - Start completed.
2024-03-31T22:11:43.116-03:00  INFO 4940 --- [           main] o.hibernate.jpa.internal.util.LogHelper  : HHH000204: Processing PersistenceUnitInfo [name: default]
2024-03-31T22:11:43.185-03:00  INFO 4940 --- [           main] org.hibernate.Version                    : HHH000412: Hibernate ORM core version 6.4.4.Final
2024-03-31T22:11:43.222-03:00  INFO 4940 --- [           main] o.h.c.internal.RegionFactoryInitiator    : HHH000026: Second-level cache disabled
2024-03-31T22:11:43.502-03:00  INFO 4940 --- [           main] o.s.o.j.p.SpringPersistenceUnitInfo      : No LoadTimeWeaver setup: ignoring JPA class transformer
2024-03-31T22:11:43.934-03:00  WARN 4940 --- [           main] org.hibernate.orm.deprecation            : HHH90000025: MySQL8Dialect does not need to be specified explicitly using 'hibernate.dialect' (remove the property setting and it will be selected by default)
2024-03-31T22:11:43.935-03:00  WARN 4940 --- [           main] org.hibernate.orm.deprecation            : HHH90000026: MySQL8Dialect has been deprecated; use org.hibernate.dialect.MySQLDialect instead
2024-03-31T22:11:44.803-03:00  INFO 4940 --- [           main] o.h.m.i.EntityInstantiatorPojoStandard   : HHH000182: No default (no-argument) constructor for class: com.proton.models.entities.Role (class must be instantiated by Interceptor)
2024-03-31T22:11:44.969-03:00  INFO 4940 --- [           main] o.h.e.t.j.p.i.JtaPlatformInitiator       : HHH000489: No JTA platform available (set 'hibernate.transaction.jta.platform' to enable JTA platform integration)
2024-03-31T22:11:47.886-03:00  INFO 4940 --- [           main] j.LocalContainerEntityManagerFactoryBean : Initialized JPA EntityManagerFactory for persistence unit 'default'
2024-03-31T22:11:48.907-03:00  INFO 4940 --- [           main] com.proton.ProtonApplicationTests        : Started ProtonApplicationTests in 9.459 seconds (process running for 10.5)
Hibernate: select next_val as id_val from endereco_seq for update
Hibernate: update endereco_seq set next_val= ? where next_val=?
Hibernate: insert into endereco (bairro,cidade,complemento,estado,logradouro,nome_endereco,num_cep,num_endereco,pais,tipo_endereco,id_endereco) values (?,?,?,?,?,?,?,?,?,?,?)
Hibernate: insert into endereco (bairro,cidade,complemento,estado,logradouro,nome_endereco,num_cep,num_endereco,pais,tipo_endereco,id_endereco) values (?,?,?,?,?,?,?,?,?,?,?)
Hibernate: insert into endereco (bairro,cidade,complemento,estado,logradouro,nome_endereco,num_cep,num_endereco,pais,tipo_endereco,id_endereco) values (?,?,?,?,?,?,?,?,?,?,?)
Hibernate: insert into secretaria (email,id_enderecofk,nome_responsavel,nome_secretaria,senha) values (?,?,?,?,?)
Hibernate: insert into secretaria (email,id_enderecofk,nome_responsavel,nome_secretaria,senha) values (?,?,?,?,?)
Hibernate: insert into secretaria (email,id_enderecofk,nome_responsavel,nome_secretaria,senha) values (?,?,?,?,?)
]]></system-out>
    <system-err><![CDATA[WARNING: A Java agent has been loaded dynamically (C:\Users\famil\.m2\repository\net\bytebuddy\byte-buddy-agent\1.14.12\byte-buddy-agent-1.14.12.jar)
WARNING: If a serviceability tool is in use, please run with -XX:+EnableDynamicAgentLoading to hide this warning
WARNING: If a serviceability tool is not in use, please run with -Djdk.instrument.traceUsage for more information
WARNING: Dynamic loading of agents will be disallowed by default in a future release
]]></system-err>
  </testcase>
</testsuite>